The system is: Linux - 3.4.63-2.44-desktop - x86_64
Compiling the C compiler identification source file "CMakeCCompilerId.c" succeeded.
Compiler: /usr/bin/gcc 
Build flags: 
Id flags: 

The output was:
0


Compilation of the C compiler identification source "CMakeCCompilerId.c" produced "a.out"

The C compiler identification is GNU, found in "/home/silvia/Repositories/randomBlobs/src/third/dlib-18.7/examples/build/CMakeFiles/CompilerIdC/a.out"

Compiling the CXX compiler identification source file "CMakeCXXCompilerId.cpp" succeeded.
Compiler: /usr/bin/c++ 
Build flags: 
Id flags: 

The output was:
0


Compilation of the CXX compiler identification source "CMakeCXXCompilerId.cpp" produced "a.out"

The CXX compiler identification is GNU, found in "/home/silvia/Repositories/randomBlobs/src/third/dlib-18.7/examples/build/CMakeFiles/CompilerIdCXX/a.out"

Determining if the C compiler works passed with the following output:
Change Dir: /home/silvia/Repositories/randomBlobs/src/third/dlib-18.7/examples/build/CMakeFiles/CMakeTmp

Run Build Command:/usr/bin/gmake "cmTryCompileExec1804135941/fast"
/usr/bin/gmake -f CMakeFiles/cmTryCompileExec1804135941.dir/build.make CMakeFiles/cmTryCompileExec1804135941.dir/build
gmake[1]: Entering directory `/local/Repositories/randomBlobs/src/third/dlib-18.7/examples/build/CMakeFiles/CMakeTmp'
/usr/bin/cmake -E cmake_progress_report /home/silvia/Repositories/randomBlobs/src/third/dlib-18.7/examples/build/CMakeFiles/CMakeTmp/CMakeFiles 1
Building C object CMakeFiles/cmTryCompileExec1804135941.dir/testCCompiler.c.o
/usr/bin/gcc    -o CMakeFiles/cmTryCompileExec1804135941.dir/testCCompiler.c.o   -c /home/silvia/Repositories/randomBlobs/src/third/dlib-18.7/examples/build/CMakeFiles/CMakeTmp/testCCompiler.c
Linking C executable cmTryCompileExec1804135941
/usr/bin/cmake -E cmake_link_script CMakeFiles/cmTryCompileExec1804135941.dir/link.txt --verbose=1
/usr/bin/gcc         CMakeFiles/cmTryCompileExec1804135941.dir/testCCompiler.c.o  -o cmTryCompileExec1804135941 -rdynamic 
gmake[1]: Leaving directory `/local/Repositories/randomBlobs/src/third/dlib-18.7/examples/build/CMakeFiles/CMakeTmp'


Detecting C compiler ABI info compiled with the following output:
Change Dir: /home/silvia/Repositories/randomBlobs/src/third/dlib-18.7/examples/build/CMakeFiles/CMakeTmp

Run Build Command:/usr/bin/gmake "cmTryCompileExec2212951526/fast"
/usr/bin/gmake -f CMakeFiles/cmTryCompileExec2212951526.dir/build.make CMakeFiles/cmTryCompileExec2212951526.dir/build
gmake[1]: Entering directory `/local/Repositories/randomBlobs/src/third/dlib-18.7/examples/build/CMakeFiles/CMakeTmp'
/usr/bin/cmake -E cmake_progress_report /home/silvia/Repositories/randomBlobs/src/third/dlib-18.7/examples/build/CMakeFiles/CMakeTmp/CMakeFiles 1
Building C object CMakeFiles/cmTryCompileExec2212951526.dir/CMakeCCompilerABI.c.o
/usr/bin/gcc    -o CMakeFiles/cmTryCompileExec2212951526.dir/CMakeCCompilerABI.c.o   -c /usr/share/cmake/Modules/CMakeCCompilerABI.c
Linking C executable cmTryCompileExec2212951526
/usr/bin/cmake -E cmake_link_script CMakeFiles/cmTryCompileExec2212951526.dir/link.txt --verbose=1
/usr/bin/gcc       -v CMakeFiles/cmTryCompileExec2212951526.dir/CMakeCCompilerABI.c.o  -o cmTryCompileExec2212951526 -rdynamic  
Using built-in specs.
COLLECT_GCC=/usr/bin/gcc
COLLECT_LTO_WRAPPER=/usr/lib64/gcc/x86_64-suse-linux/4.7/lto-wrapper
Target: x86_64-suse-linux
Configured with: ../configure --prefix=/usr --infodir=/usr/share/info --mandir=/usr/share/man --libdir=/usr/lib64 --libexecdir=/usr/lib64 --enable-languages=c,c++,objc,fortran,obj-c++,java,ada --enable-checking=release --with-gxx-include-dir=/usr/include/c++/4.7 --enable-ssp --disable-libssp --disable-libitm --disable-plugin --with-bugurl=http://bugs.opensuse.org/ --with-pkgversion='SUSE Linux' --disable-libgcj --disable-libmudflap --with-slibdir=/lib64 --with-system-zlib --enable-__cxa_atexit --enable-libstdcxx-allocator=new --disable-libstdcxx-pch --enable-version-specific-runtime-libs --enable-linker-build-id --program-suffix=-4.7 --enable-linux-futex --without-system-libunwind --with-arch-32=i586 --with-tune=generic --build=x86_64-suse-linux
Thread model: posix
gcc version 4.7.1 20120723 [gcc-4_7-branch revision 189773] (SUSE Linux) 
COMPILER_PATH=/usr/lib64/gcc/x86_64-suse-linux/4.7/:/usr/lib64/gcc/x86_64-suse-linux/4.7/:/usr/lib64/gcc/x86_64-suse-linux/:/usr/lib64/gcc/x86_64-suse-linux/4.7/:/usr/lib64/gcc/x86_64-suse-linux/:/usr/lib64/gcc/x86_64-suse-linux/4.7/../../../../x86_64-suse-linux/bin/
LIBRARY_PATH=/usr/lib64/gcc/x86_64-suse-linux/4.7/:/usr/lib64/gcc/x86_64-suse-linux/4.7/../../../../lib64/:/lib/../lib64/:/usr/lib/../lib64/:/usr/lib64/gcc/x86_64-suse-linux/4.7/../../../../x86_64-suse-linux/lib/:/usr/lib64/gcc/x86_64-suse-linux/4.7/../../../:/lib/:/usr/lib/
COLLECT_GCC_OPTIONS='-v' '-o' 'cmTryCompileExec2212951526' '-rdynamic' '-mtune=generic' '-march=x86-64'
 /usr/lib64/gcc/x86_64-suse-linux/4.7/collect2 --build-id --eh-frame-hdr -m elf_x86_64 -export-dynamic -dynamic-linker /lib64/ld-linux-x86-64.so.2 -o cmTryCompileExec2212951526 /usr/lib64/gcc/x86_64-suse-linux/4.7/../../../../lib64/crt1.o /usr/lib64/gcc/x86_64-suse-linux/4.7/../../../../lib64/crti.o /usr/lib64/gcc/x86_64-suse-linux/4.7/crtbegin.o -L/usr/lib64/gcc/x86_64-suse-linux/4.7 -L/usr/lib64/gcc/x86_64-suse-linux/4.7/../../../../lib64 -L/lib/../lib64 -L/usr/lib/../lib64 -L/usr/lib64/gcc/x86_64-suse-linux/4.7/../../../../x86_64-suse-linux/lib -L/usr/lib64/gcc/x86_64-suse-linux/4.7/../../.. CMakeFiles/cmTryCompileExec2212951526.dir/CMakeCCompilerABI.c.o -lgcc --as-needed -lgcc_s --no-as-needed -lc -lgcc --as-needed -lgcc_s --no-as-needed /usr/lib64/gcc/x86_64-suse-linux/4.7/crtend.o /usr/lib64/gcc/x86_64-suse-linux/4.7/../../../../lib64/crtn.o
gmake[1]: Leaving directory `/local/Repositories/randomBlobs/src/third/dlib-18.7/examples/build/CMakeFiles/CMakeTmp'


Parsed C implicit link information from above output:
  link line regex: [^( *|.*[/\])(ld|ld|collect2)[^/\]*( |$)]
  ignore line: [Change Dir: /home/silvia/Repositories/randomBlobs/src/third/dlib-18.7/examples/build/CMakeFiles/CMakeTmp]
  ignore line: []
  ignore line: [Run Build Command:/usr/bin/gmake "cmTryCompileExec2212951526/fast"]
  ignore line: [/usr/bin/gmake -f CMakeFiles/cmTryCompileExec2212951526.dir/build.make CMakeFiles/cmTryCompileExec2212951526.dir/build]
  ignore line: [gmake[1]: Entering directory `/local/Repositories/randomBlobs/src/third/dlib-18.7/examples/build/CMakeFiles/CMakeTmp']
  ignore line: [/usr/bin/cmake -E cmake_progress_report /home/silvia/Repositories/randomBlobs/src/third/dlib-18.7/examples/build/CMakeFiles/CMakeTmp/CMakeFiles 1]
  ignore line: [Building C object CMakeFiles/cmTryCompileExec2212951526.dir/CMakeCCompilerABI.c.o]
  ignore line: [/usr/bin/gcc    -o CMakeFiles/cmTryCompileExec2212951526.dir/CMakeCCompilerABI.c.o   -c /usr/share/cmake/Modules/CMakeCCompilerABI.c]
  ignore line: [Linking C executable cmTryCompileExec2212951526]
  ignore line: [/usr/bin/cmake -E cmake_link_script CMakeFiles/cmTryCompileExec2212951526.dir/link.txt --verbose=1]
  ignore line: [/usr/bin/gcc       -v CMakeFiles/cmTryCompileExec2212951526.dir/CMakeCCompilerABI.c.o  -o cmTryCompileExec2212951526 -rdynamic  ]
  ignore line: [Using built-in specs.]
  ignore line: [COLLECT_GCC=/usr/bin/gcc]
  ignore line: [COLLECT_LTO_WRAPPER=/usr/lib64/gcc/x86_64-suse-linux/4.7/lto-wrapper]
  ignore line: [Target: x86_64-suse-linux]
  ignore line: [Configured with: ../configure --prefix=/usr --infodir=/usr/share/info --mandir=/usr/share/man --libdir=/usr/lib64 --libexecdir=/usr/lib64 --enable-languages=c,c++,objc,fortran,obj-c++,java,ada --enable-checking=release --with-gxx-include-dir=/usr/include/c++/4.7 --enable-ssp --disable-libssp --disable-libitm --disable-plugin --with-bugurl=http://bugs.opensuse.org/ --with-pkgversion='SUSE Linux' --disable-libgcj --disable-libmudflap --with-slibdir=/lib64 --with-system-zlib --enable-__cxa_atexit --enable-libstdcxx-allocator=new --disable-libstdcxx-pch --enable-version-specific-runtime-libs --enable-linker-build-id --program-suffix=-4.7 --enable-linux-futex --without-system-libunwind --with-arch-32=i586 --with-tune=generic --build=x86_64-suse-linux]
  ignore line: [Thread model: posix]
  ignore line: [gcc version 4.7.1 20120723 [gcc-4_7-branch revision 189773] (SUSE Linux) ]
  ignore line: [COMPILER_PATH=/usr/lib64/gcc/x86_64-suse-linux/4.7/:/usr/lib64/gcc/x86_64-suse-linux/4.7/:/usr/lib64/gcc/x86_64-suse-linux/:/usr/lib64/gcc/x86_64-suse-linux/4.7/:/usr/lib64/gcc/x86_64-suse-linux/:/usr/lib64/gcc/x86_64-suse-linux/4.7/../../../../x86_64-suse-linux/bin/]
  ignore line: [LIBRARY_PATH=/usr/lib64/gcc/x86_64-suse-linux/4.7/:/usr/lib64/gcc/x86_64-suse-linux/4.7/../../../../lib64/:/lib/../lib64/:/usr/lib/../lib64/:/usr/lib64/gcc/x86_64-suse-linux/4.7/../../../../x86_64-suse-linux/lib/:/usr/lib64/gcc/x86_64-suse-linux/4.7/../../../:/lib/:/usr/lib/]
  ignore line: [COLLECT_GCC_OPTIONS='-v' '-o' 'cmTryCompileExec2212951526' '-rdynamic' '-mtune=generic' '-march=x86-64']
  link line: [ /usr/lib64/gcc/x86_64-suse-linux/4.7/collect2 --build-id --eh-frame-hdr -m elf_x86_64 -export-dynamic -dynamic-linker /lib64/ld-linux-x86-64.so.2 -o cmTryCompileExec2212951526 /usr/lib64/gcc/x86_64-suse-linux/4.7/../../../../lib64/crt1.o /usr/lib64/gcc/x86_64-suse-linux/4.7/../../../../lib64/crti.o /usr/lib64/gcc/x86_64-suse-linux/4.7/crtbegin.o -L/usr/lib64/gcc/x86_64-suse-linux/4.7 -L/usr/lib64/gcc/x86_64-suse-linux/4.7/../../../../lib64 -L/lib/../lib64 -L/usr/lib/../lib64 -L/usr/lib64/gcc/x86_64-suse-linux/4.7/../../../../x86_64-suse-linux/lib -L/usr/lib64/gcc/x86_64-suse-linux/4.7/../../.. CMakeFiles/cmTryCompileExec2212951526.dir/CMakeCCompilerABI.c.o -lgcc --as-needed -lgcc_s --no-as-needed -lc -lgcc --as-needed -lgcc_s --no-as-needed /usr/lib64/gcc/x86_64-suse-linux/4.7/crtend.o /usr/lib64/gcc/x86_64-suse-linux/4.7/../../../../lib64/crtn.o]
    arg [/usr/lib64/gcc/x86_64-suse-linux/4.7/collect2] ==> ignore
    arg [--build-id] ==> ignore
    arg [--eh-frame-hdr] ==> ignore
    arg [-m] ==> ignore
    arg [elf_x86_64] ==> ignore
    arg [-export-dynamic] ==> ignore
    arg [-dynamic-linker] ==> ignore
    arg [/lib64/ld-linux-x86-64.so.2] ==> ignore
    arg [-o] ==> ignore
    arg [cmTryCompileExec2212951526] ==> ignore
    arg [/usr/lib64/gcc/x86_64-suse-linux/4.7/../../../../lib64/crt1.o] ==> ignore
    arg [/usr/lib64/gcc/x86_64-suse-linux/4.7/../../../../lib64/crti.o] ==> ignore
    arg [/usr/lib64/gcc/x86_64-suse-linux/4.7/crtbegin.o] ==> ignore
    arg [-L/usr/lib64/gcc/x86_64-suse-linux/4.7] ==> dir [/usr/lib64/gcc/x86_64-suse-linux/4.7]
    arg [-L/usr/lib64/gcc/x86_64-suse-linux/4.7/../../../../lib64] ==> dir [/usr/lib64/gcc/x86_64-suse-linux/4.7/../../../../lib64]
    arg [-L/lib/../lib64] ==> dir [/lib/../lib64]
    arg [-L/usr/lib/../lib64] ==> dir [/usr/lib/../lib64]
    arg [-L/usr/lib64/gcc/x86_64-suse-linux/4.7/../../../../x86_64-suse-linux/lib] ==> dir [/usr/lib64/gcc/x86_64-suse-linux/4.7/../../../../x86_64-suse-linux/lib]
    arg [-L/usr/lib64/gcc/x86_64-suse-linux/4.7/../../..] ==> dir [/usr/lib64/gcc/x86_64-suse-linux/4.7/../../..]
    arg [CMakeFiles/cmTryCompileExec2212951526.dir/CMakeCCompilerABI.c.o] ==> ignore
    arg [-lgcc] ==> lib [gcc]
    arg [--as-needed] ==> ignore
    arg [-lgcc_s] ==> lib [gcc_s]
    arg [--no-as-needed] ==> ignore
    arg [-lc] ==> lib [c]
    arg [-lgcc] ==> lib [gcc]
    arg [--as-needed] ==> ignore
    arg [-lgcc_s] ==> lib [gcc_s]
    arg [--no-as-needed] ==> ignore
    arg [/usr/lib64/gcc/x86_64-suse-linux/4.7/crtend.o] ==> ignore
    arg [/usr/lib64/gcc/x86_64-suse-linux/4.7/../../../../lib64/crtn.o] ==> ignore
  remove lib [gcc]
  remove lib [gcc_s]
  remove lib [gcc]
  remove lib [gcc_s]
  collapse dir [/usr/lib64/gcc/x86_64-suse-linux/4.7] ==> [/usr/lib64/gcc/x86_64-suse-linux/4.7]
  collapse dir [/usr/lib64/gcc/x86_64-suse-linux/4.7/../../../../lib64] ==> [/usr/lib64]
  collapse dir [/lib/../lib64] ==> [/lib64]
  collapse dir [/usr/lib/../lib64] ==> [/usr/lib64]
  collapse dir [/usr/lib64/gcc/x86_64-suse-linux/4.7/../../../../x86_64-suse-linux/lib] ==> [/usr/x86_64-suse-linux/lib]
  collapse dir [/usr/lib64/gcc/x86_64-suse-linux/4.7/../../..] ==> [/usr/lib64]
  implicit libs: [c]
  implicit dirs: [/usr/lib64/gcc/x86_64-suse-linux/4.7;/usr/lib64;/lib64;/usr/x86_64-suse-linux/lib]


Determining if the CXX compiler works passed with the following output:
Change Dir: /home/silvia/Repositories/randomBlobs/src/third/dlib-18.7/examples/build/CMakeFiles/CMakeTmp

Run Build Command:/usr/bin/gmake "cmTryCompileExec1356698195/fast"
/usr/bin/gmake -f CMakeFiles/cmTryCompileExec1356698195.dir/build.make CMakeFiles/cmTryCompileExec1356698195.dir/build
gmake[1]: Entering directory `/local/Repositories/randomBlobs/src/third/dlib-18.7/examples/build/CMakeFiles/CMakeTmp'
/usr/bin/cmake -E cmake_progress_report /home/silvia/Repositories/randomBlobs/src/third/dlib-18.7/examples/build/CMakeFiles/CMakeTmp/CMakeFiles 1
Building CXX object CMakeFiles/cmTryCompileExec1356698195.dir/testCXXCompiler.cxx.o
/usr/bin/c++     -o CMakeFiles/cmTryCompileExec1356698195.dir/testCXXCompiler.cxx.o -c /home/silvia/Repositories/randomBlobs/src/third/dlib-18.7/examples/build/CMakeFiles/CMakeTmp/testCXXCompiler.cxx
Linking CXX executable cmTryCompileExec1356698195
/usr/bin/cmake -E cmake_link_script CMakeFiles/cmTryCompileExec1356698195.dir/link.txt --verbose=1
/usr/bin/c++          CMakeFiles/cmTryCompileExec1356698195.dir/testCXXCompiler.cxx.o  -o cmTryCompileExec1356698195 -rdynamic 
gmake[1]: Leaving directory `/local/Repositories/randomBlobs/src/third/dlib-18.7/examples/build/CMakeFiles/CMakeTmp'


Detecting CXX compiler ABI info compiled with the following output:
Change Dir: /home/silvia/Repositories/randomBlobs/src/third/dlib-18.7/examples/build/CMakeFiles/CMakeTmp

Run Build Command:/usr/bin/gmake "cmTryCompileExec3581194516/fast"
/usr/bin/gmake -f CMakeFiles/cmTryCompileExec3581194516.dir/build.make CMakeFiles/cmTryCompileExec3581194516.dir/build
gmake[1]: Entering directory `/local/Repositories/randomBlobs/src/third/dlib-18.7/examples/build/CMakeFiles/CMakeTmp'
/usr/bin/cmake -E cmake_progress_report /home/silvia/Repositories/randomBlobs/src/third/dlib-18.7/examples/build/CMakeFiles/CMakeTmp/CMakeFiles 1
Building CXX object CMakeFiles/cmTryCompileExec3581194516.dir/CMakeCXXCompilerABI.cpp.o
/usr/bin/c++     -o CMakeFiles/cmTryCompileExec3581194516.dir/CMakeCXXCompilerABI.cpp.o -c /usr/share/cmake/Modules/CMakeCXXCompilerABI.cpp
Linking CXX executable cmTryCompileExec3581194516
/usr/bin/cmake -E cmake_link_script CMakeFiles/cmTryCompileExec3581194516.dir/link.txt --verbose=1
/usr/bin/c++        -v CMakeFiles/cmTryCompileExec3581194516.dir/CMakeCXXCompilerABI.cpp.o  -o cmTryCompileExec3581194516 -rdynamic  
Using built-in specs.
COLLECT_GCC=/usr/bin/c++
COLLECT_LTO_WRAPPER=/usr/lib64/gcc/x86_64-suse-linux/4.7/lto-wrapper
Target: x86_64-suse-linux
Configured with: ../configure --prefix=/usr --infodir=/usr/share/info --mandir=/usr/share/man --libdir=/usr/lib64 --libexecdir=/usr/lib64 --enable-languages=c,c++,objc,fortran,obj-c++,java,ada --enable-checking=release --with-gxx-include-dir=/usr/include/c++/4.7 --enable-ssp --disable-libssp --disable-libitm --disable-plugin --with-bugurl=http://bugs.opensuse.org/ --with-pkgversion='SUSE Linux' --disable-libgcj --disable-libmudflap --with-slibdir=/lib64 --with-system-zlib --enable-__cxa_atexit --enable-libstdcxx-allocator=new --disable-libstdcxx-pch --enable-version-specific-runtime-libs --enable-linker-build-id --program-suffix=-4.7 --enable-linux-futex --without-system-libunwind --with-arch-32=i586 --with-tune=generic --build=x86_64-suse-linux
Thread model: posix
gcc version 4.7.1 20120723 [gcc-4_7-branch revision 189773] (SUSE Linux) 
COMPILER_PATH=/usr/lib64/gcc/x86_64-suse-linux/4.7/:/usr/lib64/gcc/x86_64-suse-linux/4.7/:/usr/lib64/gcc/x86_64-suse-linux/:/usr/lib64/gcc/x86_64-suse-linux/4.7/:/usr/lib64/gcc/x86_64-suse-linux/:/usr/lib64/gcc/x86_64-suse-linux/4.7/../../../../x86_64-suse-linux/bin/
LIBRARY_PATH=/usr/lib64/gcc/x86_64-suse-linux/4.7/:/usr/lib64/gcc/x86_64-suse-linux/4.7/../../../../lib64/:/lib/../lib64/:/usr/lib/../lib64/:/usr/lib64/gcc/x86_64-suse-linux/4.7/../../../../x86_64-suse-linux/lib/:/usr/lib64/gcc/x86_64-suse-linux/4.7/../../../:/lib/:/usr/lib/
COLLECT_GCC_OPTIONS='-v' '-o' 'cmTryCompileExec3581194516' '-rdynamic' '-shared-libgcc' '-mtune=generic' '-march=x86-64'
 /usr/lib64/gcc/x86_64-suse-linux/4.7/collect2 --build-id --eh-frame-hdr -m elf_x86_64 -export-dynamic -dynamic-linker /lib64/ld-linux-x86-64.so.2 -o cmTryCompileExec3581194516 /usr/lib64/gcc/x86_64-suse-linux/4.7/../../../../lib64/crt1.o /usr/lib64/gcc/x86_64-suse-linux/4.7/../../../../lib64/crti.o /usr/lib64/gcc/x86_64-suse-linux/4.7/crtbegin.o -L/usr/lib64/gcc/x86_64-suse-linux/4.7 -L/usr/lib64/gcc/x86_64-suse-linux/4.7/../../../../lib64 -L/lib/../lib64 -L/usr/lib/../lib64 -L/usr/lib64/gcc/x86_64-suse-linux/4.7/../../../../x86_64-suse-linux/lib -L/usr/lib64/gcc/x86_64-suse-linux/4.7/../../.. CMakeFiles/cmTryCompileExec3581194516.dir/CMakeCXXCompilerABI.cpp.o -lstdc++ -lm -lgcc_s -lgcc -lc -lgcc_s -lgcc /usr/lib64/gcc/x86_64-suse-linux/4.7/crtend.o /usr/lib64/gcc/x86_64-suse-linux/4.7/../../../../lib64/crtn.o
gmake[1]: Leaving directory `/local/Repositories/randomBlobs/src/third/dlib-18.7/examples/build/CMakeFiles/CMakeTmp'


Parsed CXX implicit link information from above output:
  link line regex: [^( *|.*[/\])(ld|ld|collect2)[^/\]*( |$)]
  ignore line: [Change Dir: /home/silvia/Repositories/randomBlobs/src/third/dlib-18.7/examples/build/CMakeFiles/CMakeTmp]
  ignore line: []
  ignore line: [Run Build Command:/usr/bin/gmake "cmTryCompileExec3581194516/fast"]
  ignore line: [/usr/bin/gmake -f CMakeFiles/cmTryCompileExec3581194516.dir/build.make CMakeFiles/cmTryCompileExec3581194516.dir/build]
  ignore line: [gmake[1]: Entering directory `/local/Repositories/randomBlobs/src/third/dlib-18.7/examples/build/CMakeFiles/CMakeTmp']
  ignore line: [/usr/bin/cmake -E cmake_progress_report /home/silvia/Repositories/randomBlobs/src/third/dlib-18.7/examples/build/CMakeFiles/CMakeTmp/CMakeFiles 1]
  ignore line: [Building CXX object CMakeFiles/cmTryCompileExec3581194516.dir/CMakeCXXCompilerABI.cpp.o]
  ignore line: [/usr/bin/c++     -o CMakeFiles/cmTryCompileExec3581194516.dir/CMakeCXXCompilerABI.cpp.o -c /usr/share/cmake/Modules/CMakeCXXCompilerABI.cpp]
  ignore line: [Linking CXX executable cmTryCompileExec3581194516]
  ignore line: [/usr/bin/cmake -E cmake_link_script CMakeFiles/cmTryCompileExec3581194516.dir/link.txt --verbose=1]
  ignore line: [/usr/bin/c++        -v CMakeFiles/cmTryCompileExec3581194516.dir/CMakeCXXCompilerABI.cpp.o  -o cmTryCompileExec3581194516 -rdynamic  ]
  ignore line: [Using built-in specs.]
  ignore line: [COLLECT_GCC=/usr/bin/c++]
  ignore line: [COLLECT_LTO_WRAPPER=/usr/lib64/gcc/x86_64-suse-linux/4.7/lto-wrapper]
  ignore line: [Target: x86_64-suse-linux]
  ignore line: [Configured with: ../configure --prefix=/usr --infodir=/usr/share/info --mandir=/usr/share/man --libdir=/usr/lib64 --libexecdir=/usr/lib64 --enable-languages=c,c++,objc,fortran,obj-c++,java,ada --enable-checking=release --with-gxx-include-dir=/usr/include/c++/4.7 --enable-ssp --disable-libssp --disable-libitm --disable-plugin --with-bugurl=http://bugs.opensuse.org/ --with-pkgversion='SUSE Linux' --disable-libgcj --disable-libmudflap --with-slibdir=/lib64 --with-system-zlib --enable-__cxa_atexit --enable-libstdcxx-allocator=new --disable-libstdcxx-pch --enable-version-specific-runtime-libs --enable-linker-build-id --program-suffix=-4.7 --enable-linux-futex --without-system-libunwind --with-arch-32=i586 --with-tune=generic --build=x86_64-suse-linux]
  ignore line: [Thread model: posix]
  ignore line: [gcc version 4.7.1 20120723 [gcc-4_7-branch revision 189773] (SUSE Linux) ]
  ignore line: [COMPILER_PATH=/usr/lib64/gcc/x86_64-suse-linux/4.7/:/usr/lib64/gcc/x86_64-suse-linux/4.7/:/usr/lib64/gcc/x86_64-suse-linux/:/usr/lib64/gcc/x86_64-suse-linux/4.7/:/usr/lib64/gcc/x86_64-suse-linux/:/usr/lib64/gcc/x86_64-suse-linux/4.7/../../../../x86_64-suse-linux/bin/]
  ignore line: [LIBRARY_PATH=/usr/lib64/gcc/x86_64-suse-linux/4.7/:/usr/lib64/gcc/x86_64-suse-linux/4.7/../../../../lib64/:/lib/../lib64/:/usr/lib/../lib64/:/usr/lib64/gcc/x86_64-suse-linux/4.7/../../../../x86_64-suse-linux/lib/:/usr/lib64/gcc/x86_64-suse-linux/4.7/../../../:/lib/:/usr/lib/]
  ignore line: [COLLECT_GCC_OPTIONS='-v' '-o' 'cmTryCompileExec3581194516' '-rdynamic' '-shared-libgcc' '-mtune=generic' '-march=x86-64']
  link line: [ /usr/lib64/gcc/x86_64-suse-linux/4.7/collect2 --build-id --eh-frame-hdr -m elf_x86_64 -export-dynamic -dynamic-linker /lib64/ld-linux-x86-64.so.2 -o cmTryCompileExec3581194516 /usr/lib64/gcc/x86_64-suse-linux/4.7/../../../../lib64/crt1.o /usr/lib64/gcc/x86_64-suse-linux/4.7/../../../../lib64/crti.o /usr/lib64/gcc/x86_64-suse-linux/4.7/crtbegin.o -L/usr/lib64/gcc/x86_64-suse-linux/4.7 -L/usr/lib64/gcc/x86_64-suse-linux/4.7/../../../../lib64 -L/lib/../lib64 -L/usr/lib/../lib64 -L/usr/lib64/gcc/x86_64-suse-linux/4.7/../../../../x86_64-suse-linux/lib -L/usr/lib64/gcc/x86_64-suse-linux/4.7/../../.. CMakeFiles/cmTryCompileExec3581194516.dir/CMakeCXXCompilerABI.cpp.o -lstdc++ -lm -lgcc_s -lgcc -lc -lgcc_s -lgcc /usr/lib64/gcc/x86_64-suse-linux/4.7/crtend.o /usr/lib64/gcc/x86_64-suse-linux/4.7/../../../../lib64/crtn.o]
    arg [/usr/lib64/gcc/x86_64-suse-linux/4.7/collect2] ==> ignore
    arg [--build-id] ==> ignore
    arg [--eh-frame-hdr] ==> ignore
    arg [-m] ==> ignore
    arg [elf_x86_64] ==> ignore
    arg [-export-dynamic] ==> ignore
    arg [-dynamic-linker] ==> ignore
    arg [/lib64/ld-linux-x86-64.so.2] ==> ignore
    arg [-o] ==> ignore
    arg [cmTryCompileExec3581194516] ==> ignore
    arg [/usr/lib64/gcc/x86_64-suse-linux/4.7/../../../../lib64/crt1.o] ==> ignore
    arg [/usr/lib64/gcc/x86_64-suse-linux/4.7/../../../../lib64/crti.o] ==> ignore
    arg [/usr/lib64/gcc/x86_64-suse-linux/4.7/crtbegin.o] ==> ignore
    arg [-L/usr/lib64/gcc/x86_64-suse-linux/4.7] ==> dir [/usr/lib64/gcc/x86_64-suse-linux/4.7]
    arg [-L/usr/lib64/gcc/x86_64-suse-linux/4.7/../../../../lib64] ==> dir [/usr/lib64/gcc/x86_64-suse-linux/4.7/../../../../lib64]
    arg [-L/lib/../lib64] ==> dir [/lib/../lib64]
    arg [-L/usr/lib/../lib64] ==> dir [/usr/lib/../lib64]
    arg [-L/usr/lib64/gcc/x86_64-suse-linux/4.7/../../../../x86_64-suse-linux/lib] ==> dir [/usr/lib64/gcc/x86_64-suse-linux/4.7/../../../../x86_64-suse-linux/lib]
    arg [-L/usr/lib64/gcc/x86_64-suse-linux/4.7/../../..] ==> dir [/usr/lib64/gcc/x86_64-suse-linux/4.7/../../..]
    arg [CMakeFiles/cmTryCompileExec3581194516.dir/CMakeCXXCompilerABI.cpp.o] ==> ignore
    arg [-lstdc++] ==> lib [stdc++]
    arg [-lm] ==> lib [m]
    arg [-lgcc_s] ==> lib [gcc_s]
    arg [-lgcc] ==> lib [gcc]
    arg [-lc] ==> lib [c]
    arg [-lgcc_s] ==> lib [gcc_s]
    arg [-lgcc] ==> lib [gcc]
    arg [/usr/lib64/gcc/x86_64-suse-linux/4.7/crtend.o] ==> ignore
    arg [/usr/lib64/gcc/x86_64-suse-linux/4.7/../../../../lib64/crtn.o] ==> ignore
  remove lib [gcc_s]
  remove lib [gcc]
  remove lib [gcc_s]
  remove lib [gcc]
  collapse dir [/usr/lib64/gcc/x86_64-suse-linux/4.7] ==> [/usr/lib64/gcc/x86_64-suse-linux/4.7]
  collapse dir [/usr/lib64/gcc/x86_64-suse-linux/4.7/../../../../lib64] ==> [/usr/lib64]
  collapse dir [/lib/../lib64] ==> [/lib64]
  collapse dir [/usr/lib/../lib64] ==> [/usr/lib64]
  collapse dir [/usr/lib64/gcc/x86_64-suse-linux/4.7/../../../../x86_64-suse-linux/lib] ==> [/usr/x86_64-suse-linux/lib]
  collapse dir [/usr/lib64/gcc/x86_64-suse-linux/4.7/../../..] ==> [/usr/lib64]
  implicit libs: [stdc++;m;c]
  implicit dirs: [/usr/lib64/gcc/x86_64-suse-linux/4.7;/usr/lib64;/lib64;/usr/x86_64-suse-linux/lib]


Determining if the function XOpenDisplay exists in the /usr/lib64/libX11.so;/usr/lib64/libXext.so passed with the following output:
Change Dir: /home/silvia/Repositories/randomBlobs/src/third/dlib-18.7/examples/build/CMakeFiles/CMakeTmp

Run Build Command:/usr/bin/gmake "cmTryCompileExec2470184728/fast"
/usr/bin/gmake -f CMakeFiles/cmTryCompileExec2470184728.dir/build.make CMakeFiles/cmTryCompileExec2470184728.dir/build
gmake[1]: Entering directory `/local/Repositories/randomBlobs/src/third/dlib-18.7/examples/build/CMakeFiles/CMakeTmp'
/usr/bin/cmake -E cmake_progress_report /home/silvia/Repositories/randomBlobs/src/third/dlib-18.7/examples/build/CMakeFiles/CMakeTmp/CMakeFiles 1
Building C object CMakeFiles/cmTryCompileExec2470184728.dir/CheckFunctionExists.c.o
/usr/bin/gcc   -DCHECK_FUNCTION_EXISTS=XOpenDisplay   -o CMakeFiles/cmTryCompileExec2470184728.dir/CheckFunctionExists.c.o   -c /usr/share/cmake/Modules/CheckFunctionExists.c
Linking C executable cmTryCompileExec2470184728
/usr/bin/cmake -E cmake_link_script CMakeFiles/cmTryCompileExec2470184728.dir/link.txt --verbose=1
/usr/bin/gcc     -DCHECK_FUNCTION_EXISTS=XOpenDisplay    CMakeFiles/cmTryCompileExec2470184728.dir/CheckFunctionExists.c.o  -o cmTryCompileExec2470184728 -rdynamic -lX11 -lXext 
gmake[1]: Leaving directory `/local/Repositories/randomBlobs/src/third/dlib-18.7/examples/build/CMakeFiles/CMakeTmp'


Determining if the function gethostbyname exists passed with the following output:
Change Dir: /home/silvia/Repositories/randomBlobs/src/third/dlib-18.7/examples/build/CMakeFiles/CMakeTmp

Run Build Command:/usr/bin/gmake "cmTryCompileExec3902887606/fast"
/usr/bin/gmake -f CMakeFiles/cmTryCompileExec3902887606.dir/build.make CMakeFiles/cmTryCompileExec3902887606.dir/build
gmake[1]: Entering directory `/local/Repositories/randomBlobs/src/third/dlib-18.7/examples/build/CMakeFiles/CMakeTmp'
/usr/bin/cmake -E cmake_progress_report /home/silvia/Repositories/randomBlobs/src/third/dlib-18.7/examples/build/CMakeFiles/CMakeTmp/CMakeFiles 1
Building C object CMakeFiles/cmTryCompileExec3902887606.dir/CheckFunctionExists.c.o
/usr/bin/gcc   -DCHECK_FUNCTION_EXISTS=gethostbyname   -o CMakeFiles/cmTryCompileExec3902887606.dir/CheckFunctionExists.c.o   -c /usr/share/cmake/Modules/CheckFunctionExists.c
Linking C executable cmTryCompileExec3902887606
/usr/bin/cmake -E cmake_link_script CMakeFiles/cmTryCompileExec3902887606.dir/link.txt --verbose=1
/usr/bin/gcc     -DCHECK_FUNCTION_EXISTS=gethostbyname    CMakeFiles/cmTryCompileExec3902887606.dir/CheckFunctionExists.c.o  -o cmTryCompileExec3902887606 -rdynamic 
gmake[1]: Leaving directory `/local/Repositories/randomBlobs/src/third/dlib-18.7/examples/build/CMakeFiles/CMakeTmp'


Determining if the function connect exists passed with the following output:
Change Dir: /home/silvia/Repositories/randomBlobs/src/third/dlib-18.7/examples/build/CMakeFiles/CMakeTmp

Run Build Command:/usr/bin/gmake "cmTryCompileExec573756081/fast"
/usr/bin/gmake -f CMakeFiles/cmTryCompileExec573756081.dir/build.make CMakeFiles/cmTryCompileExec573756081.dir/build
gmake[1]: Entering directory `/local/Repositories/randomBlobs/src/third/dlib-18.7/examples/build/CMakeFiles/CMakeTmp'
/usr/bin/cmake -E cmake_progress_report /home/silvia/Repositories/randomBlobs/src/third/dlib-18.7/examples/build/CMakeFiles/CMakeTmp/CMakeFiles 1
Building C object CMakeFiles/cmTryCompileExec573756081.dir/CheckFunctionExists.c.o
/usr/bin/gcc   -DCHECK_FUNCTION_EXISTS=connect   -o CMakeFiles/cmTryCompileExec573756081.dir/CheckFunctionExists.c.o   -c /usr/share/cmake/Modules/CheckFunctionExists.c
Linking C executable cmTryCompileExec573756081
/usr/bin/cmake -E cmake_link_script CMakeFiles/cmTryCompileExec573756081.dir/link.txt --verbose=1
/usr/bin/gcc     -DCHECK_FUNCTION_EXISTS=connect    CMakeFiles/cmTryCompileExec573756081.dir/CheckFunctionExists.c.o  -o cmTryCompileExec573756081 -rdynamic 
gmake[1]: Leaving directory `/local/Repositories/randomBlobs/src/third/dlib-18.7/examples/build/CMakeFiles/CMakeTmp'


Determining if the function remove exists passed with the following output:
Change Dir: /home/silvia/Repositories/randomBlobs/src/third/dlib-18.7/examples/build/CMakeFiles/CMakeTmp

Run Build Command:/usr/bin/gmake "cmTryCompileExec3641585973/fast"
/usr/bin/gmake -f CMakeFiles/cmTryCompileExec3641585973.dir/build.make CMakeFiles/cmTryCompileExec3641585973.dir/build
gmake[1]: Entering directory `/local/Repositories/randomBlobs/src/third/dlib-18.7/examples/build/CMakeFiles/CMakeTmp'
/usr/bin/cmake -E cmake_progress_report /home/silvia/Repositories/randomBlobs/src/third/dlib-18.7/examples/build/CMakeFiles/CMakeTmp/CMakeFiles 1
Building C object CMakeFiles/cmTryCompileExec3641585973.dir/CheckFunctionExists.c.o
/usr/bin/gcc   -DCHECK_FUNCTION_EXISTS=remove   -o CMakeFiles/cmTryCompileExec3641585973.dir/CheckFunctionExists.c.o   -c /usr/share/cmake/Modules/CheckFunctionExists.c
Linking C executable cmTryCompileExec3641585973
/usr/bin/cmake -E cmake_link_script CMakeFiles/cmTryCompileExec3641585973.dir/link.txt --verbose=1
/usr/bin/gcc     -DCHECK_FUNCTION_EXISTS=remove    CMakeFiles/cmTryCompileExec3641585973.dir/CheckFunctionExists.c.o  -o cmTryCompileExec3641585973 -rdynamic 
gmake[1]: Leaving directory `/local/Repositories/randomBlobs/src/third/dlib-18.7/examples/build/CMakeFiles/CMakeTmp'


Determining if the function shmat exists passed with the following output:
Change Dir: /home/silvia/Repositories/randomBlobs/src/third/dlib-18.7/examples/build/CMakeFiles/CMakeTmp

Run Build Command:/usr/bin/gmake "cmTryCompileExec1349036294/fast"
/usr/bin/gmake -f CMakeFiles/cmTryCompileExec1349036294.dir/build.make CMakeFiles/cmTryCompileExec1349036294.dir/build
gmake[1]: Entering directory `/local/Repositories/randomBlobs/src/third/dlib-18.7/examples/build/CMakeFiles/CMakeTmp'
/usr/bin/cmake -E cmake_progress_report /home/silvia/Repositories/randomBlobs/src/third/dlib-18.7/examples/build/CMakeFiles/CMakeTmp/CMakeFiles 1
Building C object CMakeFiles/cmTryCompileExec1349036294.dir/CheckFunctionExists.c.o
/usr/bin/gcc   -DCHECK_FUNCTION_EXISTS=shmat   -o CMakeFiles/cmTryCompileExec1349036294.dir/CheckFunctionExists.c.o   -c /usr/share/cmake/Modules/CheckFunctionExists.c
Linking C executable cmTryCompileExec1349036294
/usr/bin/cmake -E cmake_link_script CMakeFiles/cmTryCompileExec1349036294.dir/link.txt --verbose=1
/usr/bin/gcc     -DCHECK_FUNCTION_EXISTS=shmat    CMakeFiles/cmTryCompileExec1349036294.dir/CheckFunctionExists.c.o  -o cmTryCompileExec1349036294 -rdynamic 
gmake[1]: Leaving directory `/local/Repositories/randomBlobs/src/third/dlib-18.7/examples/build/CMakeFiles/CMakeTmp'


Determining if the function IceConnectionNumber exists in the ICE passed with the following output:
Change Dir: /home/silvia/Repositories/randomBlobs/src/third/dlib-18.7/examples/build/CMakeFiles/CMakeTmp

Run Build Command:/usr/bin/gmake "cmTryCompileExec2573041436/fast"
/usr/bin/gmake -f CMakeFiles/cmTryCompileExec2573041436.dir/build.make CMakeFiles/cmTryCompileExec2573041436.dir/build
gmake[1]: Entering directory `/local/Repositories/randomBlobs/src/third/dlib-18.7/examples/build/CMakeFiles/CMakeTmp'
/usr/bin/cmake -E cmake_progress_report /home/silvia/Repositories/randomBlobs/src/third/dlib-18.7/examples/build/CMakeFiles/CMakeTmp/CMakeFiles 1
Building C object CMakeFiles/cmTryCompileExec2573041436.dir/CheckFunctionExists.c.o
/usr/bin/gcc   -DCHECK_FUNCTION_EXISTS=IceConnectionNumber   -o CMakeFiles/cmTryCompileExec2573041436.dir/CheckFunctionExists.c.o   -c /usr/share/cmake/Modules/CheckFunctionExists.c
Linking C executable cmTryCompileExec2573041436
/usr/bin/cmake -E cmake_link_script CMakeFiles/cmTryCompileExec2573041436.dir/link.txt --verbose=1
/usr/bin/gcc     -DCHECK_FUNCTION_EXISTS=IceConnectionNumber    CMakeFiles/cmTryCompileExec2573041436.dir/CheckFunctionExists.c.o  -o cmTryCompileExec2573041436 -rdynamic -lICE 
gmake[1]: Leaving directory `/local/Repositories/randomBlobs/src/third/dlib-18.7/examples/build/CMakeFiles/CMakeTmp'


Determining if the include file sys/types.h exists passed with the following output:
Change Dir: /home/silvia/Repositories/randomBlobs/src/third/dlib-18.7/examples/build/CMakeFiles/CMakeTmp

Run Build Command:/usr/bin/gmake "cmTryCompileExec2976589430/fast"
/usr/bin/gmake -f CMakeFiles/cmTryCompileExec2976589430.dir/build.make CMakeFiles/cmTryCompileExec2976589430.dir/build
gmake[1]: Entering directory `/local/Repositories/randomBlobs/src/third/dlib-18.7/examples/build/CMakeFiles/CMakeTmp'
/usr/bin/cmake -E cmake_progress_report /home/silvia/Repositories/randomBlobs/src/third/dlib-18.7/examples/build/CMakeFiles/CMakeTmp/CMakeFiles 1
Building C object CMakeFiles/cmTryCompileExec2976589430.dir/CheckIncludeFile.c.o
/usr/bin/gcc    -o CMakeFiles/cmTryCompileExec2976589430.dir/CheckIncludeFile.c.o   -c /home/silvia/Repositories/randomBlobs/src/third/dlib-18.7/examples/build/CMakeFiles/CMakeTmp/CheckIncludeFile.c
Linking C executable cmTryCompileExec2976589430
/usr/bin/cmake -E cmake_link_script CMakeFiles/cmTryCompileExec2976589430.dir/link.txt --verbose=1
/usr/bin/gcc         CMakeFiles/cmTryCompileExec2976589430.dir/CheckIncludeFile.c.o  -o cmTryCompileExec2976589430 -rdynamic 
gmake[1]: Leaving directory `/local/Repositories/randomBlobs/src/third/dlib-18.7/examples/build/CMakeFiles/CMakeTmp'


Determining if the include file stdint.h exists passed with the following output:
Change Dir: /home/silvia/Repositories/randomBlobs/src/third/dlib-18.7/examples/build/CMakeFiles/CMakeTmp

Run Build Command:/usr/bin/gmake "cmTryCompileExec2816150881/fast"
/usr/bin/gmake -f CMakeFiles/cmTryCompileExec2816150881.dir/build.make CMakeFiles/cmTryCompileExec2816150881.dir/build
gmake[1]: Entering directory `/local/Repositories/randomBlobs/src/third/dlib-18.7/examples/build/CMakeFiles/CMakeTmp'
/usr/bin/cmake -E cmake_progress_report /home/silvia/Repositories/randomBlobs/src/third/dlib-18.7/examples/build/CMakeFiles/CMakeTmp/CMakeFiles 1
Building C object CMakeFiles/cmTryCompileExec2816150881.dir/CheckIncludeFile.c.o
/usr/bin/gcc    -o CMakeFiles/cmTryCompileExec2816150881.dir/CheckIncludeFile.c.o   -c /home/silvia/Repositories/randomBlobs/src/third/dlib-18.7/examples/build/CMakeFiles/CMakeTmp/CheckIncludeFile.c
Linking C executable cmTryCompileExec2816150881
/usr/bin/cmake -E cmake_link_script CMakeFiles/cmTryCompileExec2816150881.dir/link.txt --verbose=1
/usr/bin/gcc         CMakeFiles/cmTryCompileExec2816150881.dir/CheckIncludeFile.c.o  -o cmTryCompileExec2816150881 -rdynamic 
gmake[1]: Leaving directory `/local/Repositories/randomBlobs/src/third/dlib-18.7/examples/build/CMakeFiles/CMakeTmp'


Determining if the include file stddef.h exists passed with the following output:
Change Dir: /home/silvia/Repositories/randomBlobs/src/third/dlib-18.7/examples/build/CMakeFiles/CMakeTmp

Run Build Command:/usr/bin/gmake "cmTryCompileExec598511542/fast"
/usr/bin/gmake -f CMakeFiles/cmTryCompileExec598511542.dir/build.make CMakeFiles/cmTryCompileExec598511542.dir/build
gmake[1]: Entering directory `/local/Repositories/randomBlobs/src/third/dlib-18.7/examples/build/CMakeFiles/CMakeTmp'
/usr/bin/cmake -E cmake_progress_report /home/silvia/Repositories/randomBlobs/src/third/dlib-18.7/examples/build/CMakeFiles/CMakeTmp/CMakeFiles 1
Building C object CMakeFiles/cmTryCompileExec598511542.dir/CheckIncludeFile.c.o
/usr/bin/gcc    -o CMakeFiles/cmTryCompileExec598511542.dir/CheckIncludeFile.c.o   -c /home/silvia/Repositories/randomBlobs/src/third/dlib-18.7/examples/build/CMakeFiles/CMakeTmp/CheckIncludeFile.c
Linking C executable cmTryCompileExec598511542
/usr/bin/cmake -E cmake_link_script CMakeFiles/cmTryCompileExec598511542.dir/link.txt --verbose=1
/usr/bin/gcc         CMakeFiles/cmTryCompileExec598511542.dir/CheckIncludeFile.c.o  -o cmTryCompileExec598511542 -rdynamic 
gmake[1]: Leaving directory `/local/Repositories/randomBlobs/src/third/dlib-18.7/examples/build/CMakeFiles/CMakeTmp'


Determining size of void* passed with the following output:
Change Dir: /home/silvia/Repositories/randomBlobs/src/third/dlib-18.7/examples/build/CMakeFiles/CMakeTmp

Run Build Command:/usr/bin/gmake "cmTryCompileExec342489949/fast"
/usr/bin/gmake -f CMakeFiles/cmTryCompileExec342489949.dir/build.make CMakeFiles/cmTryCompileExec342489949.dir/build
gmake[1]: Entering directory `/local/Repositories/randomBlobs/src/third/dlib-18.7/examples/build/CMakeFiles/CMakeTmp'
/usr/bin/cmake -E cmake_progress_report /home/silvia/Repositories/randomBlobs/src/third/dlib-18.7/examples/build/CMakeFiles/CMakeTmp/CMakeFiles 1
Building C object CMakeFiles/cmTryCompileExec342489949.dir/SIZE_OF_VOID_PTR.c.o
/usr/bin/gcc    -o CMakeFiles/cmTryCompileExec342489949.dir/SIZE_OF_VOID_PTR.c.o   -c /home/silvia/Repositories/randomBlobs/src/third/dlib-18.7/examples/build/CMakeFiles/CheckTypeSize/SIZE_OF_VOID_PTR.c
Linking C executable cmTryCompileExec342489949
/usr/bin/cmake -E cmake_link_script CMakeFiles/cmTryCompileExec342489949.dir/link.txt --verbose=1
/usr/bin/gcc         CMakeFiles/cmTryCompileExec342489949.dir/SIZE_OF_VOID_PTR.c.o  -o cmTryCompileExec342489949 -rdynamic 
gmake[1]: Leaving directory `/local/Repositories/randomBlobs/src/third/dlib-18.7/examples/build/CMakeFiles/CMakeTmp'


Determining if the CXX compiler has std namespace passed with the following output:
Change Dir: /home/silvia/Repositories/randomBlobs/src/third/dlib-18.7/examples/build/CMakeFiles/CMakeTmp

Run Build Command:/usr/bin/gmake "cmTryCompileExec3336545491/fast"
/usr/bin/gmake -f CMakeFiles/cmTryCompileExec3336545491.dir/build.make CMakeFiles/cmTryCompileExec3336545491.dir/build
gmake[1]: Entering directory `/local/Repositories/randomBlobs/src/third/dlib-18.7/examples/build/CMakeFiles/CMakeTmp'
/usr/bin/cmake -E cmake_progress_report /home/silvia/Repositories/randomBlobs/src/third/dlib-18.7/examples/build/CMakeFiles/CMakeTmp/CMakeFiles 1
Building CXX object CMakeFiles/cmTryCompileExec3336545491.dir/TestForSTDNamespace.cxx.o
/usr/bin/c++     -o CMakeFiles/cmTryCompileExec3336545491.dir/TestForSTDNamespace.cxx.o -c /usr/share/cmake/Modules/TestForSTDNamespace.cxx
Linking CXX executable cmTryCompileExec3336545491
/usr/bin/cmake -E cmake_link_script CMakeFiles/cmTryCompileExec3336545491.dir/link.txt --verbose=1
/usr/bin/c++          CMakeFiles/cmTryCompileExec3336545491.dir/TestForSTDNamespace.cxx.o  -o cmTryCompileExec3336545491 -rdynamic 
gmake[1]: Leaving directory `/local/Repositories/randomBlobs/src/third/dlib-18.7/examples/build/CMakeFiles/CMakeTmp'


Determining if the include file iostream exists passed with the following output:
Change Dir: /home/silvia/Repositories/randomBlobs/src/third/dlib-18.7/examples/build/CMakeFiles/CMakeTmp

Run Build Command:/usr/bin/gmake "cmTryCompileExec2077881289/fast"
/usr/bin/gmake -f CMakeFiles/cmTryCompileExec2077881289.dir/build.make CMakeFiles/cmTryCompileExec2077881289.dir/build
gmake[1]: Entering directory `/local/Repositories/randomBlobs/src/third/dlib-18.7/examples/build/CMakeFiles/CMakeTmp'
/usr/bin/cmake -E cmake_progress_report /home/silvia/Repositories/randomBlobs/src/third/dlib-18.7/examples/build/CMakeFiles/CMakeTmp/CMakeFiles 1
Building CXX object CMakeFiles/cmTryCompileExec2077881289.dir/CheckIncludeFile.cxx.o
/usr/bin/c++     -o CMakeFiles/cmTryCompileExec2077881289.dir/CheckIncludeFile.cxx.o -c /home/silvia/Repositories/randomBlobs/src/third/dlib-18.7/examples/build/CMakeFiles/CMakeTmp/CheckIncludeFile.cxx
Linking CXX executable cmTryCompileExec2077881289
/usr/bin/cmake -E cmake_link_script CMakeFiles/cmTryCompileExec2077881289.dir/link.txt --verbose=1
/usr/bin/c++          CMakeFiles/cmTryCompileExec2077881289.dir/CheckIncludeFile.cxx.o  -o cmTryCompileExec2077881289 -rdynamic 
gmake[1]: Leaving directory `/local/Repositories/randomBlobs/src/third/dlib-18.7/examples/build/CMakeFiles/CMakeTmp'


